#
# There is insufficient memory for the Java Runtime Environment to continue.
# Native memory allocation (mmap) failed to map 134217728 bytes for G1 virtual space
# Possible reasons:
#   The system is out of physical RAM or swap space
#   The process is running with CompressedOops enabled, and the Java Heap may be blocking the growth of the native heap
# Possible solutions:
#   Reduce memory load on the system
#   Increase physical memory or swap space
#   Check if swap backing store is full
#   Decrease Java heap size (-Xmx/-Xms)
#   Decrease number of Java threads
#   Decrease Java thread stack sizes (-Xss)
#   Set larger code cache with -XX:ReservedCodeCacheSize=
#   JVM is running with Unscaled Compressed Oops mode in which the Java heap is
#     placed in the first 4GB address space. The Java Heap base address is the
#     maximum limit for the native heap growth. Please use -XX:HeapBaseMinAddress
#     to set the Java Heap base and to place the Java Heap above 4GB virtual address.
# This output file may be truncated or incomplete.
#
#  Out of Memory Error (./open/src/hotspot/os/windows/os_windows.cpp:3472), pid=32120, tid=34336
#
# JRE version:  (15.0.1+9) (build )
# Java VM: Java HotSpot(TM) 64-Bit Server VM (15.0.1+9-18, mixed mode, sharing, tiered, compressed oops, g1 gc, windows-amd64)
# No core dump will be written. Minidumps are not enabled by default on client versions of Windows
#

---------------  S U M M A R Y ------------

Command Line: -XX:+ShowCodeDetailsInExceptionMessages -agentlib:jdwp=transport=dt_socket,suspend=y,address=localhost:52578 -javaagent:C:\Users\stayw\eclipse\java-2020-122\eclipse\configuration\org.eclipse.osgi\220\0\.cp\lib\javaagent-shaded.jar -Dfile.encoding=Cp1252 library.management.system.DeleteUser

Host: Intel(R) Core(TM) i5-9300HF CPU @ 2.40GHz, 8 cores, 7G,  Windows 10 , 64 bit Build 19041 (10.0.19041.928)
Time: Sat May 22 02:48:26 2021 India Standard Time elapsed time: 0.024455 seconds (0d 0h 0m 0s)

---------------  T H R E A D  ---------------

Current thread (0x0000028522842400):  JavaThread "Unknown thread" [_thread_in_vm, id=34336, stack(0x000000fdd2900000,0x000000fdd2a00000)]

Stack: [0x000000fdd2900000,0x000000fdd2a00000]
Native frames: (J=compiled Java code, j=interpreted, Vv=VM code, C=native code)
V  [jvm.dll+0x62ae9a]
V  [jvm.dll+0x781389]
V  [jvm.dll+0x782ae3]
V  [jvm.dll+0x783143]
V  [jvm.dll+0x216265]
V  [jvm.dll+0x6281d9]
V  [jvm.dll+0x61cd15]
V  [jvm.dll+0x2d01fd]
V  [jvm.dll+0x2d0062]
V  [jvm.dll+0x2d603c]
V  [jvm.dll+0x325b2a]
V  [jvm.dll+0x3251f4]
V  [jvm.dll+0x2a717a]
V  [jvm.dll+0x2a8318]
V  [jvm.dll+0x75e101]
V  [jvm.dll+0x3343e4]
V  [jvm.dll+0x73e826]
V  [jvm.dll+0x3b7777]
V  [jvm.dll+0x3b9201]
C  [jli.dll+0x52fb]
C  [ucrtbase.dll+0x21bb2]
C  [KERNEL32.DLL+0x17034]
C  [ntdll.dll+0x52651]


---------------  P R O C E S S  ---------------

Threads class SMR info:
_java_thread_list=0x00007ffaeb994ff0, length=0, elements={
}

Java Threads: ( => current thread )

Other Threads:
  0x0000028522881fe0 GCTaskThread "GC Thread#0" [stack: 0x000000fdd2a00000,0x000000fdd2b00000] [id=34924]
  0x0000028522892e00 ConcurrentGCThread "G1 Main Marker" [stack: 0x000000fdd2b00000,0x000000fdd2c00000] [id=33120]
  0x00000285228940a0 ConcurrentGCThread "G1 Conc#0" [stack: 0x000000fdd2c00000,0x000000fdd2d00000] [id=23716]

[error occurred during error reporting (printing all threads), id 0xc0000005, EXCEPTION_ACCESS_VIOLATION (0xc0000005) at pc=0x00007ffaeb188047]

VM state: not at safepoint (not fully initialized)

VM Mutex/Monitor currently owned by a thread:  ([mutex/lock_event])
[0x000002852283ca60] Heap_lock - owner thread: 0x0000028522842400

Heap address: 0x0000000081200000, size: 2030 MB, Compressed Oops mode: 32-bit
CDS archive(s) mapped at: [0x0000000000000000-0x0000000000000000-0x0000000000000000), size 0, SharedBaseAddress: 0x0000000800000000, ArchiveRelocationMode: 0.
Narrow klass base: 0x0000000000000000, Narrow klass shift: 0, Narrow klass range: 0x0

Heap:
 garbage-first heap   total 131072K, used 0K [0x0000000081200000, 0x0000000100000000)
  region size 1024K, 0 young (0K), 0 survivors (0K)
 Metaspace       used 0K, capacity 0K, committed 0K, reserved 0K
  class space    used 0K, capacity 0K, committed 0K, reserved 0K

Heap Regions: E=young(eden), S=young(survivor), O=old, HS=humongous(starts), HC=humongous(continues), CS=collection set, F=free, OA=open archive, CA=closed archive, TAMS=top-at-mark-start (previous, next)

Card table byte_map: [0x000002853a1c0000,0x000002853a5c0000] _byte_map_base: 0x0000028539db7000

Marking Bits (Prev, Next): (CMBitMap*) 0x00000285228826e0, (CMBitMap*) 0x0000028522882720
 Prev Bits: [0x000002853a9c0000, 0x000002853c978000)
 Next Bits: [0x000002853c980000, 0x000002853e938000)

GC Heap History (0 events):
No events

Deoptimization events (0 events):
No events

Classes unloaded (0 events):
No events

Classes redefined (0 events):
No events

Internal exceptions (0 events):
No events

Events (1 events):
Event: 0.009 Loaded shared library C:\Program Files\Java\jdk-15.0.1\bin\java.dll


Dynamic libraries:
0x00007ff7d4e10000 - 0x00007ff7d4e1f000 	C:\Program Files\Java\jdk-15.0.1\bin\javaw.exe
0x00007ffb22db0000 - 0x00007ffb22fa5000 	C:\Windows\SYSTEM32\ntdll.dll
0x00007ffb21d20000 - 0x00007ffb21ddd000 	C:\Windows\System32\KERNEL32.DLL
0x00007ffb20900000 - 0x00007ffb20bc8000 	C:\Windows\System32\KERNELBASE.dll
0x00007ffb20640000 - 0x00007ffb20740000 	C:\Windows\System32\ucrtbase.dll
0x00007ffb199e0000 - 0x00007ffb199f9000 	C:\Program Files\Java\jdk-15.0.1\bin\VCRUNTIME140.dll
0x00007ffb19ca0000 - 0x00007ffb19cb8000 	C:\Program Files\Java\jdk-15.0.1\bin\jli.dll
0x00007ffb22360000 - 0x00007ffb2240c000 	C:\Windows\System32\ADVAPI32.dll
0x00007ffb20eb0000 - 0x00007ffb20f4e000 	C:\Windows\System32\msvcrt.dll
0x00007ffb20e10000 - 0x00007ffb20eab000 	C:\Windows\System32\sechost.dll
0x00007ffb22030000 - 0x00007ffb2215b000 	C:\Windows\System32\RPCRT4.dll
0x00007ffb221c0000 - 0x00007ffb22360000 	C:\Windows\System32\USER32.dll
0x00007ffb20610000 - 0x00007ffb20632000 	C:\Windows\System32\win32u.dll
0x00007ffb22a80000 - 0x00007ffb22aaa000 	C:\Windows\System32\GDI32.dll
0x00007ffb157c0000 - 0x00007ffb15a5a000 	C:\Windows\WinSxS\amd64_microsoft.windows.common-controls_6595b64144ccf1df_6.0.19041.844_none_ca00b6081b84eb1d\COMCTL32.dll
0x00007ffb207f0000 - 0x00007ffb208fb000 	C:\Windows\System32\gdi32full.dll
0x00007ffb204f0000 - 0x00007ffb2058d000 	C:\Windows\System32\msvcp_win.dll
0x00007ffb17720000 - 0x00007ffb1772a000 	C:\Windows\SYSTEM32\VERSION.dll
0x00007ffb22ab0000 - 0x00007ffb22ae0000 	C:\Windows\System32\IMM32.DLL
0x00007ffb1b910000 - 0x00007ffb1b91c000 	C:\Program Files\Java\jdk-15.0.1\bin\vcruntime140_1.dll
0x00007ffb0b220000 - 0x00007ffb0b2b1000 	C:\Program Files\Java\jdk-15.0.1\bin\msvcp140.dll
0x00007ffaeaed0000 - 0x00007ffaeba2e000 	C:\Program Files\Java\jdk-15.0.1\bin\server\jvm.dll
0x00007ffb22d60000 - 0x00007ffb22d68000 	C:\Windows\System32\PSAPI.DLL
0x00007ffb15da0000 - 0x00007ffb15dc7000 	C:\Windows\SYSTEM32\WINMM.dll
0x00007ffb1b3e0000 - 0x00007ffb1b3e9000 	C:\Windows\SYSTEM32\WSOCK32.dll
0x00007ffb21e90000 - 0x00007ffb21efb000 	C:\Windows\System32\WS2_32.dll
0x00007ffb1edc0000 - 0x00007ffb1edd2000 	C:\Windows\SYSTEM32\kernel.appcore.dll
0x00007ffb1acb0000 - 0x00007ffb1acba000 	C:\Program Files\Java\jdk-15.0.1\bin\jimage.dll
0x00007ffb1e1f0000 - 0x00007ffb1e3d4000 	C:\Windows\SYSTEM32\DBGHELP.DLL
0x00007ffb0e730000 - 0x00007ffb0e75c000 	C:\Windows\SYSTEM32\dbgcore.DLL
0x00007ffb20d90000 - 0x00007ffb20e10000 	C:\Windows\System32\bcryptPrimitives.dll
0x00007ffb195e0000 - 0x00007ffb19619000 	C:\Program Files\Java\jdk-15.0.1\bin\jdwp.dll
0x00007ffb19970000 - 0x00007ffb1997e000 	C:\Program Files\Java\jdk-15.0.1\bin\instrument.dll
0x00007ffb18dd0000 - 0x00007ffb18df5000 	C:\Program Files\Java\jdk-15.0.1\bin\java.dll

dbghelp: loaded successfully - version: 4.0.5 - missing functions: none
symbol engine: initialized successfully - sym options: 0x614 - pdb path: .;C:\Program Files\Java\jdk-15.0.1\bin;C:\Windows\SYSTEM32;C:\Windows\WinSxS\amd64_microsoft.windows.common-controls_6595b64144ccf1df_6.0.19041.844_none_ca00b6081b84eb1d;C:\Program Files\Java\jdk-15.0.1\bin\server

VM Arguments:
jvm_args: -XX:+ShowCodeDetailsInExceptionMessages -agentlib:jdwp=transport=dt_socket,suspend=y,address=localhost:52578 -javaagent:C:\Users\stayw\eclipse\java-2020-122\eclipse\configuration\org.eclipse.osgi\220\0\.cp\lib\javaagent-shaded.jar -Dfile.encoding=Cp1252 
java_command: library.management.system.DeleteUser
java_class_path (initial): D:\Somesh Kshirsagar\Somesh Kshirsagar (A-358)  college work 2020-21\java programs\Mini Project\bin;C:\Users\stayw\Downloads\mysql-connector.jar;C:\Users\stayw\Downloads\jcalendar-tz-1.3.3-4 (1).jar;C:\Users\stayw\Downloads\rs2xml (2).jar
Launcher Type: SUN_STANDARD

[Global flags]
     intx CICompilerCount                          = 4                                         {product} {ergonomic}
     uint ConcGCThreads                            = 2                                         {product} {ergonomic}
     uint G1ConcRefinementThreads                  = 8                                         {product} {ergonomic}
   size_t G1HeapRegionSize                         = 1048576                                   {product} {ergonomic}
    uintx GCDrainStackTargetSize                   = 64                                        {product} {ergonomic}
   size_t InitialHeapSize                          = 134217728                                 {product} {ergonomic}
   size_t MarkStackSize                            = 4194304                                   {product} {ergonomic}
   size_t MaxHeapSize                              = 2128609280                                {product} {ergonomic}
   size_t MinHeapDeltaBytes                        = 1048576                                   {product} {ergonomic}
   size_t MinHeapSize                              = 8388608                                   {product} {ergonomic}
    uintx NonNMethodCodeHeapSize                   = 5839372                                {pd product} {ergonomic}
    uintx NonProfiledCodeHeapSize                  = 122909434                              {pd product} {ergonomic}
    uintx ProfiledCodeHeapSize                     = 122909434                              {pd product} {ergonomic}
    uintx ReservedCodeCacheSize                    = 251658240                              {pd product} {ergonomic}
     bool SegmentedCodeCache                       = true                                      {product} {ergonomic}
     bool ShowCodeDetailsInExceptionMessages       = true                                   {manageable} {command line}
   size_t SoftMaxHeapSize                          = 2128609280                             {manageable} {ergonomic}
     bool UseCompressedClassPointers               = true                                 {lp64_product} {ergonomic}
     bool UseCompressedOops                        = true                                 {lp64_product} {ergonomic}
     bool UseG1GC                                  = true                                      {product} {ergonomic}
     bool UseLargePagesIndividualAllocation        = false                                  {pd product} {ergonomic}

Logging:
Log output configuration:
 #0: stdout all=warning uptime,level,tags
 #1: stderr all=off uptime,level,tags

Environment Variables:
JAVA_HOME=C:\Program Files\Java\jdk-15.0.1
PATH=C:\Program Files\Common Files\Oracle\Java\javapath;C:\Windows\system32;C:\Windows;C:\Windows\System32\Wbem;C:\Windows\System32\WindowsPowerShell\v1.0\;C:\Windows\System32\OpenSSH\;C:\Program Files (x86)\NVIDIA Corporation\PhysX\Common;C:\Program Files\NVIDIA Corporation\NVIDIA NvDLISR;C:\Program Files\Java\jdk-15.0.1\bin;C:\Program Files\Git\cmd;C:\Program Files\MySQL\MySQL Shell 8.0\bin\;C:\Python 3.9\Scripts\;C:\Python 3.9\;C:\Users\stayw\AppData\Local\Microsoft\WindowsApps;C:\Users\stayw\AppData\Local\Programs\Microsoft VS Code\bin;C:\src\flutter\flutter\bin;;C:\Program Files\JetBrains\IntelliJ IDEA Community Edition 2020.3.1\bin;
USERNAME=stayw
OS=Windows_NT
PROCESSOR_IDENTIFIER=Intel64 Family 6 Model 158 Stepping 13, GenuineIntel



---------------  S Y S T E M  ---------------

OS:
 Windows 10 , 64 bit Build 19041 (10.0.19041.928)
OS uptime: 6 days 14:04 hours

CPU: total 8 (initial active 8) (4 cores per cpu, 2 threads per core) family 6 model 158 stepping 13 microcode 0xd6, cmov, cx8, fxsr, mmx, sse, sse2, sse3, ssse3, sse4.1, sse4.2, popcnt, vzeroupper, avx, avx2, aes, clmul, erms, 3dnowpref, lzcnt, ht, tsc, tscinvbit, bmi1, bmi2, adx, fma, clflush, clflushopt

Memory: 4k page, system-wide physical 8112M (614M free)
TotalPageFile size 32688M (AvailPageFile size 36M)
current process WorkingSet (physical memory assigned to process): 10M, peak: 10M
current process commit charge ("private bytes"): 60M, peak: 188M

vm_info: Java HotSpot(TM) 64-Bit Server VM (15.0.1+9-18) for windows-amd64 JRE (15.0.1+9-18), built on Sep 15 2020 14:43:54 by "mach5one" with unknown MS VC++:1925

END.
